c:\users\82108\desktop\directx11\directx11-study\directx11\directx11\debug\vc140.pdb
c:\users\82108\desktop\directx11\directx11-study\directx11\directx11\debug\vc140.idb
c:\users\82108\desktop\directx11\directx11-study\directx11\directx11\debug\ddstextureloader.obj
c:\users\82108\desktop\directx11\directx11-study\directx11\directx11\debug\dxerr.obj
c:\users\82108\desktop\directx11\directx11-study\directx11\directx11\debug\gametimer.obj
c:\users\82108\desktop\directx11\directx11-study\directx11\directx11\debug\boxdemo.obj
c:\users\82108\desktop\directx11\directx11-study\directx11\directx11\debug\d3dapp.obj
c:\users\82108\desktop\directx11\directx11-study\directx11\directx11\debug\init direct3d.obj
c:\users\82108\desktop\directx11\directx11-study\directx11\directx11\debug\mathhelper.obj
c:\users\82108\desktop\directx11\directx11-study\directx11\debug\color.cso
c:\users\82108\desktop\directx11\directx11-study\directx11\debug\directx11.ilk
c:\users\82108\desktop\directx11\directx11-study\directx11\debug\directx11.exe
c:\users\82108\desktop\directx11\directx11-study\directx11\debug\directx11.pdb
c:\users\82108\desktop\directx11\directx11-study\directx11\directx11\debug\directx11.tlog\cl.command.1.tlog
c:\users\82108\desktop\directx11\directx11-study\directx11\directx11\debug\directx11.tlog\cl.read.1.tlog
c:\users\82108\desktop\directx11\directx11-study\directx11\directx11\debug\directx11.tlog\cl.write.1.tlog
c:\users\82108\desktop\directx11\directx11-study\directx11\directx11\debug\directx11.tlog\directx11.write.1u.tlog
c:\users\82108\desktop\directx11\directx11-study\directx11\directx11\debug\directx11.tlog\fxc.command.1.tlog
c:\users\82108\desktop\directx11\directx11-study\directx11\directx11\debug\directx11.tlog\fxc.read.1.tlog
c:\users\82108\desktop\directx11\directx11-study\directx11\directx11\debug\directx11.tlog\fxc.write.1.tlog
c:\users\82108\desktop\directx11\directx11-study\directx11\directx11\debug\directx11.tlog\link.command.1.tlog
c:\users\82108\desktop\directx11\directx11-study\directx11\directx11\debug\directx11.tlog\link.read.1.tlog
c:\users\82108\desktop\directx11\directx11-study\directx11\directx11\debug\directx11.tlog\link.write.1.tlog
